[22-Oct-2018 19:30:28 UTC] PHP Warning:  mysqli_query() expects parameter 1 to be mysqli, null given in /home/ubuntu/workspace/admin/roombook.php on line 266
[22-Oct-2018 19:30:28 UTC] PHP Stack trace:
[22-Oct-2018 19:30:28 UTC] PHP   1. {main}() /home/ubuntu/workspace/admin/roombook.php:0
[22-Oct-2018 19:30:28 UTC] PHP   2. mysqli_query() /home/ubuntu/workspace/admin/roombook.php:266
[22-Oct-2018 19:30:28 UTC] PHP Warning:  mysqli_fetch_array() expects parameter 1 to be mysqli_result, null given in /home/ubuntu/workspace/admin/roombook.php on line 272
[22-Oct-2018 19:30:28 UTC] PHP Stack trace:
[22-Oct-2018 19:30:28 UTC] PHP   1. {main}() /home/ubuntu/workspace/admin/roombook.php:0
[22-Oct-2018 19:30:28 UTC] PHP   2. mysqli_fetch_array() /home/ubuntu/workspace/admin/roombook.php:272
[22-Oct-2018 19:30:28 UTC] PHP Warning:  mysqli_query() expects parameter 1 to be mysqli, null given in /home/ubuntu/workspace/admin/roombook.php on line 301
[22-Oct-2018 19:30:28 UTC] PHP Stack trace:
[22-Oct-2018 19:30:28 UTC] PHP   1. {main}() /home/ubuntu/workspace/admin/roombook.php:0
[22-Oct-2018 19:30:28 UTC] PHP   2. mysqli_query() /home/ubuntu/workspace/admin/roombook.php:301
[22-Oct-2018 19:30:28 UTC] PHP Warning:  mysqli_fetch_array() expects parameter 1 to be mysqli_result, null given in /home/ubuntu/workspace/admin/roombook.php on line 307
[22-Oct-2018 19:30:28 UTC] PHP Stack trace:
[22-Oct-2018 19:30:28 UTC] PHP   1. {main}() /home/ubuntu/workspace/admin/roombook.php:0
[22-Oct-2018 19:30:28 UTC] PHP   2. mysqli_fetch_array() /home/ubuntu/workspace/admin/roombook.php:307
[22-Oct-2018 19:30:35 UTC] PHP Warning:  mysqli_query() expects parameter 1 to be mysqli, null given in /home/ubuntu/workspace/admin/roombook.php on line 266
[22-Oct-2018 19:30:35 UTC] PHP Stack trace:
[22-Oct-2018 19:30:35 UTC] PHP   1. {main}() /home/ubuntu/workspace/admin/roombook.php:0
[22-Oct-2018 19:30:35 UTC] PHP   2. mysqli_query() /home/ubuntu/workspace/admin/roombook.php:266
[22-Oct-2018 19:30:35 UTC] PHP Warning:  mysqli_fetch_array() expects parameter 1 to be mysqli_result, null given in /home/ubuntu/workspace/admin/roombook.php on line 272
[22-Oct-2018 19:30:35 UTC] PHP Stack trace:
[22-Oct-2018 19:30:35 UTC] PHP   1. {main}() /home/ubuntu/workspace/admin/roombook.php:0
[22-Oct-2018 19:30:35 UTC] PHP   2. mysqli_fetch_array() /home/ubuntu/workspace/admin/roombook.php:272
[22-Oct-2018 19:30:36 UTC] PHP Warning:  mysqli_query() expects parameter 1 to be mysqli, null given in /home/ubuntu/workspace/admin/roombook.php on line 301
[22-Oct-2018 19:30:36 UTC] PHP Stack trace:
[22-Oct-2018 19:30:36 UTC] PHP   1. {main}() /home/ubuntu/workspace/admin/roombook.php:0
[22-Oct-2018 19:30:36 UTC] PHP   2. mysqli_query() /home/ubuntu/workspace/admin/roombook.php:301
[22-Oct-2018 19:30:36 UTC] PHP Warning:  mysqli_fetch_array() expects parameter 1 to be mysqli_result, null given in /home/ubuntu/workspace/admin/roombook.php on line 307
[22-Oct-2018 19:30:36 UTC] PHP Stack trace:
[22-Oct-2018 19:30:36 UTC] PHP   1. {main}() /home/ubuntu/workspace/admin/roombook.php:0
[22-Oct-2018 19:30:36 UTC] PHP   2. mysqli_fetch_array() /home/ubuntu/workspace/admin/roombook.php:307
[22-Oct-2018 19:32:03 UTC] PHP Warning:  mysqli_query() expects parameter 1 to be mysqli, null given in /home/ubuntu/workspace/admin/roombook.php on line 266
[22-Oct-2018 19:32:03 UTC] PHP Stack trace:
[22-Oct-2018 19:32:03 UTC] PHP   1. {main}() /home/ubuntu/workspace/admin/roombook.php:0
[22-Oct-2018 19:32:03 UTC] PHP   2. mysqli_query() /home/ubuntu/workspace/admin/roombook.php:266
[22-Oct-2018 19:32:03 UTC] PHP Warning:  mysqli_fetch_array() expects parameter 1 to be mysqli_result, null given in /home/ubuntu/workspace/admin/roombook.php on line 272
[22-Oct-2018 19:32:03 UTC] PHP Stack trace:
[22-Oct-2018 19:32:03 UTC] PHP   1. {main}() /home/ubuntu/workspace/admin/roombook.php:0
[22-Oct-2018 19:32:03 UTC] PHP   2. mysqli_fetch_array() /home/ubuntu/workspace/admin/roombook.php:272
[22-Oct-2018 19:32:03 UTC] PHP Warning:  mysqli_query() expects parameter 1 to be mysqli, null given in /home/ubuntu/workspace/admin/roombook.php on line 301
[22-Oct-2018 19:32:03 UTC] PHP Stack trace:
[22-Oct-2018 19:32:03 UTC] PHP   1. {main}() /home/ubuntu/workspace/admin/roombook.php:0
[22-Oct-2018 19:32:03 UTC] PHP   2. mysqli_query() /home/ubuntu/workspace/admin/roombook.php:301
[22-Oct-2018 19:32:03 UTC] PHP Warning:  mysqli_fetch_array() expects parameter 1 to be mysqli_result, null given in /home/ubuntu/workspace/admin/roombook.php on line 307
[22-Oct-2018 19:32:03 UTC] PHP Stack trace:
[22-Oct-2018 19:32:03 UTC] PHP   1. {main}() /home/ubuntu/workspace/admin/roombook.php:0
[22-Oct-2018 19:32:03 UTC] PHP   2. mysqli_fetch_array() /home/ubuntu/workspace/admin/roombook.php:307
[25-Oct-2018 15:57:14 UTC] PHP Parse error:  syntax error, unexpected '}' in /home/ubuntu/workspace/admin/reservation.php on line 236
[25-Oct-2018 15:57:17 UTC] PHP Parse error:  syntax error, unexpected '}' in /home/ubuntu/workspace/admin/reservation.php on line 236
[25-Oct-2018 22:45:50 UTC] PHP Warning:  mysqli_query() expects parameter 1 to be mysqli, null given in /home/ubuntu/workspace/admin/roombook.php on line 266
[25-Oct-2018 22:45:50 UTC] PHP Stack trace:
[25-Oct-2018 22:45:50 UTC] PHP   1. {main}() /home/ubuntu/workspace/admin/roombook.php:0
[25-Oct-2018 22:45:50 UTC] PHP   2. mysqli_query() /home/ubuntu/workspace/admin/roombook.php:266
[25-Oct-2018 22:45:50 UTC] PHP Warning:  mysqli_fetch_array() expects parameter 1 to be mysqli_result, null given in /home/ubuntu/workspace/admin/roombook.php on line 272
[25-Oct-2018 22:45:50 UTC] PHP Stack trace:
[25-Oct-2018 22:45:50 UTC] PHP   1. {main}() /home/ubuntu/workspace/admin/roombook.php:0
[25-Oct-2018 22:45:50 UTC] PHP   2. mysqli_fetch_array() /home/ubuntu/workspace/admin/roombook.php:272
[25-Oct-2018 22:45:50 UTC] PHP Warning:  mysqli_query() expects parameter 1 to be mysqli, null given in /home/ubuntu/workspace/admin/roombook.php on line 301
[25-Oct-2018 22:45:50 UTC] PHP Stack trace:
[25-Oct-2018 22:45:50 UTC] PHP   1. {main}() /home/ubuntu/workspace/admin/roombook.php:0
[25-Oct-2018 22:45:50 UTC] PHP   2. mysqli_query() /home/ubuntu/workspace/admin/roombook.php:301
[25-Oct-2018 22:45:50 UTC] PHP Warning:  mysqli_fetch_array() expects parameter 1 to be mysqli_result, null given in /home/ubuntu/workspace/admin/roombook.php on line 307
[25-Oct-2018 22:45:50 UTC] PHP Stack trace:
[25-Oct-2018 22:45:50 UTC] PHP   1. {main}() /home/ubuntu/workspace/admin/roombook.php:0
[25-Oct-2018 22:45:50 UTC] PHP   2. mysqli_fetch_array() /home/ubuntu/workspace/admin/roombook.php:307
[25-Oct-2018 22:49:18 UTC] PHP Warning:  mysqli_query() expects parameter 1 to be mysqli, null given in /home/ubuntu/workspace/admin/roombook.php on line 266
[25-Oct-2018 22:49:18 UTC] PHP Stack trace:
[25-Oct-2018 22:49:18 UTC] PHP   1. {main}() /home/ubuntu/workspace/admin/roombook.php:0
[25-Oct-2018 22:49:18 UTC] PHP   2. mysqli_query() /home/ubuntu/workspace/admin/roombook.php:266
[25-Oct-2018 22:49:18 UTC] PHP Warning:  mysqli_fetch_array() expects parameter 1 to be mysqli_result, null given in /home/ubuntu/workspace/admin/roombook.php on line 272
[25-Oct-2018 22:49:18 UTC] PHP Stack trace:
[25-Oct-2018 22:49:18 UTC] PHP   1. {main}() /home/ubuntu/workspace/admin/roombook.php:0
[25-Oct-2018 22:49:18 UTC] PHP   2. mysqli_fetch_array() /home/ubuntu/workspace/admin/roombook.php:272
[25-Oct-2018 22:49:18 UTC] PHP Warning:  mysqli_query() expects parameter 1 to be mysqli, null given in /home/ubuntu/workspace/admin/roombook.php on line 301
[25-Oct-2018 22:49:18 UTC] PHP Stack trace:
[25-Oct-2018 22:49:18 UTC] PHP   1. {main}() /home/ubuntu/workspace/admin/roombook.php:0
[25-Oct-2018 22:49:18 UTC] PHP   2. mysqli_query() /home/ubuntu/workspace/admin/roombook.php:301
[25-Oct-2018 22:49:18 UTC] PHP Warning:  mysqli_fetch_array() expects parameter 1 to be mysqli_result, null given in /home/ubuntu/workspace/admin/roombook.php on line 307
[25-Oct-2018 22:49:18 UTC] PHP Stack trace:
[25-Oct-2018 22:49:18 UTC] PHP   1. {main}() /home/ubuntu/workspace/admin/roombook.php:0
[25-Oct-2018 22:49:18 UTC] PHP   2. mysqli_fetch_array() /home/ubuntu/workspace/admin/roombook.php:307
[25-Oct-2018 22:49:18 UTC] PHP Warning:  mysqli_query() expects parameter 1 to be mysqli, null given in /home/ubuntu/workspace/admin/roombook.php on line 266
[25-Oct-2018 22:49:18 UTC] PHP Stack trace:
[25-Oct-2018 22:49:18 UTC] PHP   1. {main}() /home/ubuntu/workspace/admin/roombook.php:0
[25-Oct-2018 22:49:18 UTC] PHP   2. mysqli_query() /home/ubuntu/workspace/admin/roombook.php:266
[25-Oct-2018 22:49:18 UTC] PHP Warning:  mysqli_fetch_array() expects parameter 1 to be mysqli_result, null given in /home/ubuntu/workspace/admin/roombook.php on line 272
[25-Oct-2018 22:49:18 UTC] PHP Stack trace:
[25-Oct-2018 22:49:18 UTC] PHP   1. {main}() /home/ubuntu/workspace/admin/roombook.php:0
[25-Oct-2018 22:49:18 UTC] PHP   2. mysqli_fetch_array() /home/ubuntu/workspace/admin/roombook.php:272
[25-Oct-2018 22:49:18 UTC] PHP Warning:  mysqli_query() expects parameter 1 to be mysqli, null given in /home/ubuntu/workspace/admin/roombook.php on line 301
[25-Oct-2018 22:49:18 UTC] PHP Stack trace:
[25-Oct-2018 22:49:18 UTC] PHP   1. {main}() /home/ubuntu/workspace/admin/roombook.php:0
[25-Oct-2018 22:49:18 UTC] PHP   2. mysqli_query() /home/ubuntu/workspace/admin/roombook.php:301
[25-Oct-2018 22:49:18 UTC] PHP Warning:  mysqli_fetch_array() expects parameter 1 to be mysqli_result, null given in /home/ubuntu/workspace/admin/roombook.php on line 307
[25-Oct-2018 22:49:18 UTC] PHP Stack trace:
[25-Oct-2018 22:49:18 UTC] PHP   1. {main}() /home/ubuntu/workspace/admin/roombook.php:0
[25-Oct-2018 22:49:18 UTC] PHP   2. mysqli_fetch_array() /home/ubuntu/workspace/admin/roombook.php:307
